{
  "RSpec": {
    "coverage": {
      "/Users/trevorlundberg/challenges/unhappiness/app/models/user.rb": [
        1,
        null,
        null,
        null,
        null,
        null,
        1,
        null,
        null
      ],
      "/Users/trevorlundberg/challenges/unhappiness/app/controllers/levels_controller.rb": [
        1,
        null,
        null,
        null,
        null,
        null,
        null,
        null,
        null,
        null,
        null,
        1,
        1,
        1,
        null,
        1,
        1,
        1,
        null,
        1,
        1,
        1,
        null,
        0,
        null,
        null,
        null,
        1,
        null,
        1,
        1,
        null,
        null
      ],
      "/Users/trevorlundberg/challenges/unhappiness/app/controllers/application_controller.rb": [
        1,
        null,
        null,
        1,
        null,
        1,
        null,
        null,
        null,
        null,
        null,
        null,
        null
      ],
      "/Users/trevorlundberg/challenges/unhappiness/app/models/feeling.rb": [
        1,
        1,
        1,
        null,
        1,
        null
      ],
      "/Users/trevorlundberg/challenges/unhappiness/app/models/level.rb": [
        1,
        1,
        null,
        null,
        1,
        null
      ],
      "/Users/trevorlundberg/challenges/unhappiness/app/controllers/feelings_controller.rb": [
        1,
        1,
        6,
        6,
        null,
        null,
        null,
        null,
        null,
        1,
        1,
        1,
        1,
        1,
        null,
        null,
        null,
        null,
        null,
        null,
        null,
        null,
        null,
        null,
        null,
        null,
        null,
        null,
        null,
        null,
        null,
        null,
        null,
        null,
        null,
        null,
        null,
        null,
        null,
        null,
        null
      ]
    },
    "timestamp": 1437585089
  }
}
